^ 116 : 2 2.768 107.31428571428572 2.768 (2021 - 2022)
^ 132 : 4 3.7337 61.57377049180328 3.7337 (2022 - )
^ 133 : 4 3.8446 626.0 3.8446 (2022 - )
^ 147 : 4 4.3671 197.68421052631578 4.3671 (2022 - )
^ 151 : 4 3.7862 626.0 3.7862 (2022 - )
^ 154 : 5 9.3748 187.8 9.3748 (2021 - )
^ 164 : 2 4.0835 129.51724137931035 4.0835 (2021 - 2022)
^ 168 : 4 3.1546 751.2 3.1546 (2022 - )
^ 184 : 5 4.2947 156.5 4.2947 (2021 - )
^ 208 : 4 4.6209 44.714285714285715 4.6209 (2022 - )
^ 211 : 2 2.9647 75.12 2.9647 (2021 - 2022)
^ 228 : 4 6.8436 32.94736842105263 6.8436 (2022 - )
^ 235 : 5 9.3435 33.83783783783784 9.3435 (2021 - )
^ 241 : 2 2.3678 93.9 2.3678 (2021 - 2022)
^ 252 : 5 9.2681 28.454545454545453 9.2681 (2021 - )
^ 53 : 4 2.3787 18.233009708737864 2.3787 (2022 - )
^ 55 : 4 2.4818 98.84210526315789 2.4818 (2022 - )
^ 84 : 2 2.2117 134.14285714285714 2.2117 (2021 - 2022)
^ 89 : 5 2.7428 63.66101694915254 2.7428 (2021 - )
^ 91 : 2 2.6268 89.42857142857143 2.6268 (2021 - 2022)
^ 95 : 4 2.2801 197.68421052631578 2.2801 (2022 - )
